c:\users\fowle\desktop\rplidar_sdk_master\rplidar_sdk-master\workspaces\output\win32\release\rplidar_driver.pdb
c:\users\fowle\desktop\rplidar_sdk_master\rplidar_sdk-master\workspaces\obj\win32\rplidar_driver\release\sl_udp_channel.obj
c:\users\fowle\desktop\rplidar_sdk_master\rplidar_sdk-master\workspaces\obj\win32\rplidar_driver\release\sl_tcp_channel.obj
c:\users\fowle\desktop\rplidar_sdk_master\rplidar_sdk-master\workspaces\obj\win32\rplidar_driver\release\sl_serial_channel.obj
c:\users\fowle\desktop\rplidar_sdk_master\rplidar_sdk-master\workspaces\obj\win32\rplidar_driver\release\sl_lidar_driver.obj
c:\users\fowle\desktop\rplidar_sdk_master\rplidar_sdk-master\workspaces\obj\win32\rplidar_driver\release\sl_lidarprotocol_codec.obj
c:\users\fowle\desktop\rplidar_sdk_master\rplidar_sdk-master\workspaces\obj\win32\rplidar_driver\release\sl_crc.obj
c:\users\fowle\desktop\rplidar_sdk_master\rplidar_sdk-master\workspaces\obj\win32\rplidar_driver\release\sl_async_transceiver.obj
c:\users\fowle\desktop\rplidar_sdk_master\rplidar_sdk-master\workspaces\obj\win32\rplidar_driver\release\rplidar_driver.obj
c:\users\fowle\desktop\rplidar_sdk_master\rplidar_sdk-master\workspaces\obj\win32\rplidar_driver\release\thread.obj
c:\users\fowle\desktop\rplidar_sdk_master\rplidar_sdk-master\workspaces\obj\win32\rplidar_driver\release\handler_normalnode.obj
c:\users\fowle\desktop\rplidar_sdk_master\rplidar_sdk-master\workspaces\obj\win32\rplidar_driver\release\handler_hqnode.obj
c:\users\fowle\desktop\rplidar_sdk_master\rplidar_sdk-master\workspaces\obj\win32\rplidar_driver\release\handler_capsules.obj
c:\users\fowle\desktop\rplidar_sdk_master\rplidar_sdk-master\workspaces\obj\win32\rplidar_driver\release\dataunpacker.obj
c:\users\fowle\desktop\rplidar_sdk_master\rplidar_sdk-master\workspaces\obj\win32\rplidar_driver\release\timer.obj
c:\users\fowle\desktop\rplidar_sdk_master\rplidar_sdk-master\workspaces\obj\win32\rplidar_driver\release\net_socket.obj
c:\users\fowle\desktop\rplidar_sdk_master\rplidar_sdk-master\workspaces\obj\win32\rplidar_driver\release\net_serial.obj
c:\users\fowle\desktop\rplidar_sdk_master\rplidar_sdk-master\workspaces\output\win32\release\rplidar_driver.lib
c:\users\fowle\desktop\rplidar_sdk_master\rplidar_sdk-master\workspaces\vc14\rplidar_driver\\..\..\output\win32\release\rplidar_driver.pdb
c:\users\fowle\desktop\rplidar_sdk_master\rplidar_sdk-master\workspaces\obj\win32\rplidar_driver\release\rplidar_driver.tlog\cl.command.1.tlog
c:\users\fowle\desktop\rplidar_sdk_master\rplidar_sdk-master\workspaces\obj\win32\rplidar_driver\release\rplidar_driver.tlog\cl.read.1.tlog
c:\users\fowle\desktop\rplidar_sdk_master\rplidar_sdk-master\workspaces\obj\win32\rplidar_driver\release\rplidar_driver.tlog\cl.write.1.tlog
c:\users\fowle\desktop\rplidar_sdk_master\rplidar_sdk-master\workspaces\obj\win32\rplidar_driver\release\rplidar_driver.tlog\lib-link.read.1.tlog
c:\users\fowle\desktop\rplidar_sdk_master\rplidar_sdk-master\workspaces\obj\win32\rplidar_driver\release\rplidar_driver.tlog\lib-link.write.1.tlog
c:\users\fowle\desktop\rplidar_sdk_master\rplidar_sdk-master\workspaces\obj\win32\rplidar_driver\release\rplidar_driver.tlog\lib.command.1.tlog
